<?xml version="1.0" encoding="utf-8"?><testsuites name="pytest tests"><testsuite name="pytest" errors="0" failures="0" skipped="0" tests="8" time="20.393" timestamp="2026-04-19T16:08:59.664535+00:00" hostname="agent-env-c1a54d41-253d-4c06-97d4-a0fb020d9087"><testcase classname="backend.tests.test_placement_api" name="test_dataset_status_returns_metadata_and_schema" time="6.620" /><testcase classname="backend.tests.test_placement_api" name="test_companies_returns_list_and_filter_metadata" time="1.386" /><testcase classname="backend.tests.test_placement_api" name="test_companies_search_filter_changes_results" time="2.752" /><testcase classname="backend.tests.test_placement_api" name="test_company_detail_returns_company_and_highlights" time="2.751" /><testcase classname="backend.tests.test_placement_api" name="test_compare_returns_side_by_side_payload" time="2.737" /><testcase classname="backend.tests.test_placement_api" name="test_skill_match_returns_fit_gap_and_suggestions" time="1.368" /><testcase classname="backend.tests.test_placement_api" name="test_categories_summary_returns_tiles" time="1.365" /><testcase classname="backend.tests.test_placement_api" name="test_analytics_summary_returns_core_distributions" time="1.373" /></testsuite></testsuites>